<?xml version="1.0" encoding="UTF-8"?>
<testsuite name="OneStateTest" tests="3" skipped="0" failures="0" errors="0" timestamp="2022-06-23T05:09:38" hostname="DESKTOP-R8FIEFP" time="0.002">
  <properties/>
  <testcase name="getDetector()" classname="OneStateTest" time="0.001"/>
  <testcase name="isAccepting()" classname="OneStateTest" time="0.0"/>
  <testcase name="consumeInput()" classname="OneStateTest" time="0.0"/>
  <system-out><![CDATA[]]></system-out>
  <system-err><![CDATA[]]></system-err>
</testsuite>
