<?xml version="1.0" encoding="UTF-8"?>
<testsuite name="HasBothStateTest" tests="3" skipped="0" failures="0" errors="0" timestamp="2022-06-23T05:09:37" hostname="DESKTOP-R8FIEFP" time="0.004">
  <properties/>
  <testcase name="getDetector()" classname="HasBothStateTest" time="0.001"/>
  <testcase name="isAccepting()" classname="HasBothStateTest" time="0.001"/>
  <testcase name="consumeInput()" classname="HasBothStateTest" time="0.001"/>
  <system-out><![CDATA[]]></system-out>
  <system-err><![CDATA[]]></system-err>
</testsuite>
