<?xml version="1.0" encoding="UTF-8"?>
<testsuite name="FloatDetectorTest" tests="3" skipped="0" failures="0" errors="0" timestamp="2022-06-21T02:34:08" hostname="DESKTOP-R8FIEFP" time="0.002">
  <properties/>
  <testcase name="resetState()" classname="FloatDetectorTest" time="0.001"/>
  <testcase name="setState()" classname="FloatDetectorTest" time="0.001"/>
  <testcase name="getState()" classname="FloatDetectorTest" time="0.0"/>
  <system-out><![CDATA[]]></system-out>
  <system-err><![CDATA[]]></system-err>
</testsuite>
