<?xml version="1.0" encoding="UTF-8"?>
<testsuite name="EmailDetectorTest" tests="4" skipped="0" failures="0" errors="0" timestamp="2022-06-23T05:09:37" hostname="DESKTOP-R8FIEFP" time="0.007">
  <properties/>
  <testcase name="resetState()" classname="EmailDetectorTest" time="0.001"/>
  <testcase name="detect()" classname="EmailDetectorTest" time="0.002"/>
  <testcase name="setState()" classname="EmailDetectorTest" time="0.001"/>
  <testcase name="getState()" classname="EmailDetectorTest" time="0.001"/>
  <system-out><![CDATA[]]></system-out>
  <system-err><![CDATA[]]></system-err>
</testsuite>
