<?xml version="1.0" encoding="UTF-8"?>
<testsuite name="InvalidStateTest" tests="3" skipped="0" failures="0" errors="0" timestamp="2022-06-23T05:09:38" hostname="DESKTOP-R8FIEFP" time="0.003">
  <properties/>
  <testcase name="getDetector()" classname="InvalidStateTest" time="0.001"/>
  <testcase name="isAccepting()" classname="InvalidStateTest" time="0.0"/>
  <testcase name="consumeInput()" classname="InvalidStateTest" time="0.001"/>
  <system-out><![CDATA[]]></system-out>
  <system-err><![CDATA[]]></system-err>
</testsuite>
