<?xml version="1.0" encoding="UTF-8"?>
<testsuite name="BinaryDetectorTest" tests="4" skipped="0" failures="0" errors="0" timestamp="2022-06-23T05:09:37" hostname="DESKTOP-R8FIEFP" time="0.332">
  <properties/>
  <testcase name="resetState()" classname="BinaryDetectorTest" time="0.038"/>
  <testcase name="detect()" classname="BinaryDetectorTest" time="0.291"/>
  <testcase name="setState()" classname="BinaryDetectorTest" time="0.0"/>
  <testcase name="getState()" classname="BinaryDetectorTest" time="0.001"/>
  <system-out><![CDATA[]]></system-out>
  <system-err><![CDATA[]]></system-err>
</testsuite>
