<?xml version="1.0" encoding="UTF-8"?>
<testsuite name="IntegerStartStateTest" tests="3" skipped="0" failures="0" errors="0" timestamp="2022-06-21T02:34:09" hostname="DESKTOP-R8FIEFP" time="0.006">
  <properties/>
  <testcase name="getDetector()" classname="IntegerStartStateTest" time="0.001"/>
  <testcase name="isAccepting()" classname="IntegerStartStateTest" time="0.001"/>
  <testcase name="consumeInput()" classname="IntegerStartStateTest" time="0.002"/>
  <system-out><![CDATA[]]></system-out>
  <system-err><![CDATA[]]></system-err>
</testsuite>
