<?xml version="1.0" encoding="UTF-8"?>
<testsuite name="BinaryDetectorTest" tests="1" skipped="0" failures="0" errors="0" timestamp="2022-06-23T04:40:58" hostname="DESKTOP-R8FIEFP" time="0.05">
  <properties/>
  <testcase name="detect()" classname="BinaryDetectorTest" time="0.05"/>
  <system-out><![CDATA[]]></system-out>
  <system-err><![CDATA[]]></system-err>
</testsuite>
